


ARM Macro Assembler    Page 1 


    1 00000000         ; Vector Table Mapped to Address 0 at Reset
    2 00000000         
    3 00000000                 PRESERVE8
    4 00000000                 THUMB
    5 00000000         
    6 00000000                 AREA             RESET, DATA, READONLY ; First 3
                                                            2 WORDS is VECTOR T
                                                            ABLE
    7 00000000                 EXPORT           __Vectors
    8 00000000         
    9 00000000         __Vectors                            ;DCD  0x000003FC   
                                                                ; 1K Internal M
                                                            emory
   10 00000000         ;DCD  Reset_Handler
   11 00000000         ;DCD  0     
   12 00000000         ;DCD  0
   13 00000000         ;DCD  0
   14 00000000         ;DCD  0
   15 00000000         ;DCD  0
   16 00000000         ;DCD  0
   17 00000000         ;DCD  0
   18 00000000         ;DCD  0
   19 00000000         ;DCD  0
   20 00000000         ;DCD  0
   21 00000000         ;DCD  0
   22 00000000         ;DCD  0
   23 00000000         ;DCD  0
   24 00000000         ;DCD  0
   25 00000000         
   26 00000000         ; External Interrupts
   27 00000000         
   28 00000000         ;DCD  0
   29 00000000         ;DCD  0
   30 00000000         ;DCD  0
   31 00000000         ;DCD  0
   32 00000000         ;DCD  0
   33 00000000         ;DCD  0
   34 00000000         ;DCD  0
   35 00000000         ;DCD  0
   36 00000000         ;DCD  0
   37 00000000         ;DCD  0
   38 00000000         ;DCD  0
   39 00000000         ;DCD  0
   40 00000000         ;DCD  0
   41 00000000         ;DCD  0
   42 00000000         ;DCD  0
   43 00000000         ;DCD  0
   44 00000000                 AREA             |.text|, CODE, READONLY
   45 00000000         ;Reset Handler
   46 00000000 00000004 
                       fdelay  equ              4
   47 00000000 00000008 
                       gpio    equ              8
   48 00000000 0000000C 
                       gpiodir equ              12
   49 00000000         
   50 00000000         Reset_Handler
                               PROC
   51 00000000                 GLOBAL           Reset_Handler



ARM Macro Assembler    Page 2 


   52 00000000                 ENTRY
   53 00000000 E006            b                main
   54 00000002 E005            b                main
   55 00000004 00000000        DCD              delay       ; delay equ 4
   56 00000008 00000800        DCD              0x800       ; gpio  equ 8
   57 0000000C 00000804        DCD              0x804       ; gpiodir  equ 12
   58 00000010         
   59 00000010         ;R0 sempre em zero
   60 00000010         ;R1 gpio
   61 00000010         ;R2 
   62 00000010         ;R3 
   63 00000010         ;R4
   64 00000010         ;R5 temporário
   65 00000010         ;R6 delay
   66 00000010         ;R7 inicializacao do contador
   67 00000010         
   68 00000010         main
   69 00000010 1BF8            SUBS             R0, R7, R7  ; R0 = 0      1110 
                                                            000 0010 0 1111 000
                                                            0 0000 0000 1111 E0
                                                            4F000F 0x00
   70 00000012 1BFF            SUBS             R7, R7, R7  ; R2=0xFF
   71 00000014 37FF            adds             r7,#255
   72 00000016 37FF            adds             r7,#255
   73 00000018 37FF            adds             r7,#255
   74 0000001A         
   75 0000001A 32FF            ADDS             R2, #0xFF   ; R2=0xFF
   76 0000001C 68C1            ldr              r1,[r0,#gpiodir]
   77 0000001E 68C1            ldr              r1,[r0,#gpiodir]
   78 00000020 600A            STR              R2, [R1]    ; Escreve FF no reg
                                                             de dir do GPIOem 8
                                                            04h
   79 00000022 600A            STR              R2, [R1]    ; Escreve FF no reg
                                                             de dir do GPIOem 8
                                                            04h
   80 00000024 6881            ldr              r1,[r0,#gpio]
   81 00000026 6881            ldr              r1,[r0,#gpio]
   82 00000028 6846            ldr              r6,[r0,#fdelay]
   83 0000002A 6846            ldr              r6,[r0,#fdelay]
   84 0000002C         
   85 0000002C         MAINA
   86 0000002C         ;SUBS R2,R7,R7
   87 0000002C         ;ADDS R2, #0x55  ; R2=0xFF
   88 0000002C         ;STR R2, [R1] ; Escreve FF no reg de dir do GPIOem 804h
   89 0000002C         ;STR R2, [R1] ; Escreve FF no reg de dir do GPIOem 804h
   90 0000002C         
   91 0000002C         ;blx r6; b delay
   92 0000002C         
   93 0000002C         ;SUBS R2,R7,R7  
   94 0000002C         ;ADDS R2, #0xAA  ; R2=0xFF
   95 0000002C         ;STR R2, [R1] ; Escreve FF no reg de dir do GPIOem 804h
   96 0000002C         ;STR R2, [R1] ; Escreve FF no reg de dir do GPIOem 804h
   97 0000002C         
   98 0000002C         
   99 0000002C         ;blx r6; b delay
  100 0000002C         
  101 0000002C         
  102 0000002C 1BFA            SUBS             R2, R7, R7
  103 0000002E 3209            ADDS             R2, #9



ARM Macro Assembler    Page 3 


  104 00000030         
  105 00000030 1ADB            SUBS             R3, R3, R3
  106 00000032 1B24            SUBS             R4, R4, R4
  107 00000034         
  108 00000034 3401            ADDS             R4, #1
  109 00000036         
  110 00000036 1918    target  ADDS             R0, R3, R4
  111 00000038 1ADB            SUBS             R3, R3, R3
  112 0000003A 191B            ADDS             R3, R3, R4
  113 0000003C         
  114 0000003C 1B24            SUBS             R4, R4, R4
  115 0000003E 1824            ADDS             R4, R4, R0
  116 00000040         
  117 00000040 6008            STR              R0, [R1]
  118 00000042 6008            STR              R0, [R1]
  119 00000044         
  120 00000044 47B0            blx              r6
  121 00000046         
  122 00000046 3A01            SUBS             R2, #1
  123 00000048         
  124 00000048 D1F5            BNE              target
  125 0000004A         
  126 0000004A 6008            STR              R0, [R1]
  127 0000004C 6008            STR              R0, [R1]
  128 0000004E         
  129 0000004E         
  130 0000004E E7ED            b                MAINA
  131 00000050         
  132 00000050                 endp
  133 00000050         ; seta porta em FF
  134 00000050         ;ADDS R2, #0xFF  ; R2=0xFF
  135 00000050         ;STR R2, [R0, #0x800] ; Escreve FF no reg de dir do GPIO
                       em 804h
  136 00000050         ;STR R2, [R0, #0x800] ; Escreve FF no reg de dir do GPIO
                       em 804h
  137 00000050         
  138 00000050         delay
  139 00000050 1BFD            subs             r5,r7,r7
  140 00000052 35FF            adds             r5, #0xFF
  141 00000054         delayi
  142 00000054 3D01            subs             r5, #1
  143 00000056 D1FD            bne              delayi
  144 00000058 4770            bx               lr
  145 0000005A         delayend
  146 0000005A         
  147 0000005A         
  148 0000005A                 END                          ; Mark end of fil
Command Line: --debug --xref --diag_suppress=9931 --cpu=Cortex-M0 --apcs=interw
ork --depend=.\objects\blinkriscme.d -o.\objects\blinkriscme.o -I.\RTE\_Target_
1 -IC:\Keil_v5\ARM\CMSIS\Include -IDevice\CMSDK_CM0\Include --predefine="__EVAL
 SETA 1" --predefine="__UVISION_VERSION SETA 524" --list=.\listings\blinkriscme
.lst blinkriscme.s



ARM Macro Assembler    Page 1 Alphabetic symbol ordering
Relocatable symbols

RESET 00000000

Symbol: RESET
   Definitions
      At line 6 in file blinkriscme.s
   Uses
      None
Comment: RESET unused
__Vectors 00000000

Symbol: __Vectors
   Definitions
      At line 9 in file blinkriscme.s
   Uses
      At line 7 in file blinkriscme.s
Comment: __Vectors used once
2 symbols



ARM Macro Assembler    Page 1 Alphabetic symbol ordering
Relocatable symbols

.text 00000000

Symbol: .text
   Definitions
      At line 44 in file blinkriscme.s
   Uses
      None
Comment: .text unused
MAINA 0000002C

Symbol: MAINA
   Definitions
      At line 85 in file blinkriscme.s
   Uses
      At line 130 in file blinkriscme.s
Comment: MAINA used once
Reset_Handler 00000000

Symbol: Reset_Handler
   Definitions
      At line 50 in file blinkriscme.s
   Uses
      At line 51 in file blinkriscme.s
Comment: Reset_Handler used once
delay 00000050

Symbol: delay
   Definitions
      At line 138 in file blinkriscme.s
   Uses
      At line 55 in file blinkriscme.s
Comment: delay used once
delayend 0000005A

Symbol: delayend
   Definitions
      At line 145 in file blinkriscme.s
   Uses
      None
Comment: delayend unused
delayi 00000054

Symbol: delayi
   Definitions
      At line 141 in file blinkriscme.s
   Uses
      At line 143 in file blinkriscme.s
Comment: delayi used once
main 00000010

Symbol: main
   Definitions
      At line 68 in file blinkriscme.s
   Uses
      At line 53 in file blinkriscme.s
      At line 54 in file blinkriscme.s

target 00000036




ARM Macro Assembler    Page 2 Alphabetic symbol ordering
Relocatable symbols

Symbol: target
   Definitions
      At line 110 in file blinkriscme.s
   Uses
      At line 124 in file blinkriscme.s
Comment: target used once
8 symbols



ARM Macro Assembler    Page 1 Alphabetic symbol ordering
Absolute symbols

fdelay 00000004

Symbol: fdelay
   Definitions
      At line 46 in file blinkriscme.s
   Uses
      At line 82 in file blinkriscme.s
      At line 83 in file blinkriscme.s

gpio 00000008

Symbol: gpio
   Definitions
      At line 47 in file blinkriscme.s
   Uses
      At line 80 in file blinkriscme.s
      At line 81 in file blinkriscme.s

gpiodir 0000000C

Symbol: gpiodir
   Definitions
      At line 48 in file blinkriscme.s
   Uses
      At line 76 in file blinkriscme.s
      At line 77 in file blinkriscme.s

3 symbols
345 symbols in table
